#
# There is insufficient memory for the Java Runtime Environment to continue.
# Native memory allocation (mmap) failed to map 132120576 bytes for G1 virtual space
# Possible reasons:
#   The system is out of physical RAM or swap space
#   The process is running with CompressedOops enabled, and the Java Heap may be blocking the growth of the native heap
# Possible solutions:
#   Reduce memory load on the system
#   Increase physical memory or swap space
#   Check if swap backing store is full
#   Decrease Java heap size (-Xmx/-Xms)
#   Decrease number of Java threads
#   Decrease Java thread stack sizes (-Xss)
#   Set larger code cache with -XX:ReservedCodeCacheSize=
#   JVM is running with Unscaled Compressed Oops mode in which the Java heap is
#     placed in the first 4GB address space. The Java Heap base address is the
#     maximum limit for the native heap growth. Please use -XX:HeapBaseMinAddress
#     to set the Java Heap base and to place the Java Heap above 4GB virtual address.
# This output file may be truncated or incomplete.
#
#  Out of Memory Error (os_windows.cpp:3771), pid=13988, tid=16276
#
# JRE version:  (17.0.7) (build )
# Java VM: OpenJDK 64-Bit Server VM (17.0.7+0-b2043.56-10550314, mixed mode, sharing, tiered, compressed oops, compressed class ptrs, g1 gc, windows-amd64)
# No core dump will be written. Minidumps are not enabled by default on client versions of Windows
#

---------------  S U M M A R Y ------------

Command Line: 

Host: Intel(R) Core(TM) i7-10510U CPU @ 1.80GHz, 8 cores, 7G,  Windows 11 , 64 bit Build 22621 (10.0.22621.3235)
Time: Sat Mar 23 22:32:27 2024 SE Asia Standard Time elapsed time: 0.024460 seconds (0d 0h 0m 0s)

---------------  T H R E A D  ---------------

Current thread (0x0000022b22affc30):  JavaThread "Unknown thread" [_thread_in_vm, id=16276, stack(0x000000bb45800000,0x000000bb45900000)]

Stack: [0x000000bb45800000,0x000000bb45900000]
Native frames: (J=compiled Java code, j=interpreted, Vv=VM code, C=native code)
V  [jvm.dll+0x683bfa]
V  [jvm.dll+0x8430a4]
V  [jvm.dll+0x8449be]
V  [jvm.dll+0x845023]
V  [jvm.dll+0x24ad2f]
V  [jvm.dll+0x680ac9]
V  [jvm.dll+0x67519a]
V  [jvm.dll+0x30b3cb]
V  [jvm.dll+0x312876]
V  [jvm.dll+0x36221e]
V  [jvm.dll+0x36244f]
V  [jvm.dll+0x2e14a8]
V  [jvm.dll+0x2e2414]
V  [jvm.dll+0x814391]
V  [jvm.dll+0x36ffe1]
V  [jvm.dll+0x7f396c]
V  [jvm.dll+0x3f305f]
V  [jvm.dll+0x3f4b91]
C  [jli.dll+0x528f]
C  [ucrtbase.dll+0x29363]
C  [KERNEL32.DLL+0x1257d]
C  [ntdll.dll+0x5aa58]


---------------  P R O C E S S  ---------------

Threads class SMR info:
_java_thread_list=0x00007ffa9bfad098, length=0, elements={
}

Java Threads: ( => current thread )

Other Threads:
  0x0000022b22b593f0 GCTaskThread "GC Thread#0" [stack: 0x000000bb45900000,0x000000bb45a00000] [id=3680]
  0x0000022b22b69c40 ConcurrentGCThread "G1 Main Marker" [stack: 0x000000bb45a00000,0x000000bb45b00000] [id=19452]
  0x0000022b22b6ad00 ConcurrentGCThread "G1 Conc#0" [stack: 0x000000bb45b00000,0x000000bb45c00000] [id=17640]

[error occurred during error reporting (printing all threads), id 0xc0000005, EXCEPTION_ACCESS_VIOLATION (0xc0000005) at pc=0x00007ffa9b762087]

VM state: not at safepoint (not fully initialized)

VM Mutex/Monitor currently owned by a thread:  ([mutex/lock_event])
[0x0000022b22afbac0] Heap_lock - owner thread: 0x0000022b22affc30

Heap address: 0x0000000083000000, size: 2000 MB, Compressed Oops mode: 32-bit

CDS archive(s) mapped at: [0x0000000000000000-0x0000000000000000-0x0000000000000000), size 0, SharedBaseAddress: 0x0000000800000000, ArchiveRelocationMode: 0.
Narrow klass base: 0x0000000000000000, Narrow klass shift: 0, Narrow klass range: 0x0

GC Precious Log:
<Empty>

Heap:
 garbage-first heap   total 0K, used 0K [0x0000000083000000, 0x0000000100000000)
  region size 1024K, 0 young (0K), 0 survivors (0K)
 Metaspace       used 0K, committed 0K, reserved 0K
  class space    used 0K, committed 0K, reserved 0K

Heap Regions: E=young(eden), S=young(survivor), O=old, HS=humongous(starts), HC=humongous(continues), CS=collection set, F=free, OA=open archive, CA=closed archive, TAMS=top-at-mark-start (previous, next)

Card table byte_map: [0x0000022b35710000,0x0000022b35b00000] _byte_map_base: 0x0000022b352f8000

Marking Bits (Prev, Next): (CMBitMap*) 0x0000022b22b59910, (CMBitMap*) 0x0000022b22b59950
 Prev Bits: [0x0000022b35ef0000, 0x0000022b37e30000)
 Next Bits: [0x0000022b37e30000, 0x0000022b39d70000)

GC Heap History (0 events):
No events

Dll operation events (1 events):
Event: 0.017 Loaded shared library C:\Program Files\Android\Android Studio\jbr\bin\java.dll

Deoptimization events (0 events):
No events

Classes unloaded (0 events):
No events

Classes redefined (0 events):
No events

Internal exceptions (0 events):
No events

VM Operations (0 events):
No events

Events (0 events):
No events


Dynamic libraries:
0x00007ff6050b0000 - 0x00007ff6050ba000 	C:\Program Files\Android\Android Studio\jbr\bin\java.EXE
0x00007ffaf7870000 - 0x00007ffaf7a86000 	C:\WINDOWS\SYSTEM32\ntdll.dll
0x00007ffaf5f40000 - 0x00007ffaf6004000 	C:\WINDOWS\System32\KERNEL32.DLL
0x00007ffaf4f60000 - 0x00007ffaf5306000 	C:\WINDOWS\System32\KERNELBASE.dll
0x00007ffaf4bb0000 - 0x00007ffaf4cc1000 	C:\WINDOWS\System32\ucrtbase.dll
0x00007ffadb8e0000 - 0x00007ffadb8f7000 	C:\Program Files\Android\Android Studio\jbr\bin\jli.dll
0x00007ffadb900000 - 0x00007ffadb91b000 	C:\Program Files\Android\Android Studio\jbr\bin\VCRUNTIME140.dll
0x00007ffaf5900000 - 0x00007ffaf5aad000 	C:\WINDOWS\System32\USER32.dll
0x00007ffaf53b0000 - 0x00007ffaf53d6000 	C:\WINDOWS\System32\win32u.dll
0x00007ffad4bc0000 - 0x00007ffad4e53000 	C:\WINDOWS\WinSxS\amd64_microsoft.windows.common-controls_6595b64144ccf1df_6.0.22621.3235_none_270f74e173860f98\COMCTL32.dll
0x00007ffaf62d0000 - 0x00007ffaf6377000 	C:\WINDOWS\System32\msvcrt.dll
0x00007ffaf5e00000 - 0x00007ffaf5e29000 	C:\WINDOWS\System32\GDI32.dll
0x00007ffaf54a0000 - 0x00007ffaf55b8000 	C:\WINDOWS\System32\gdi32full.dll
0x00007ffaf5310000 - 0x00007ffaf53aa000 	C:\WINDOWS\System32\msvcp_win.dll
0x00007ffaf6290000 - 0x00007ffaf62c1000 	C:\WINDOWS\System32\IMM32.DLL
0x00007ffadbbd0000 - 0x00007ffadbbdc000 	C:\Program Files\Android\Android Studio\jbr\bin\vcruntime140_1.dll
0x00007ffadb850000 - 0x00007ffadb8dd000 	C:\Program Files\Android\Android Studio\jbr\bin\msvcp140.dll
0x00007ffa9b470000 - 0x00007ffa9c0f0000 	C:\Program Files\Android\Android Studio\jbr\bin\server\jvm.dll
0x00007ffaf5b90000 - 0x00007ffaf5c42000 	C:\WINDOWS\System32\ADVAPI32.dll
0x00007ffaf55c0000 - 0x00007ffaf5668000 	C:\WINDOWS\System32\sechost.dll
0x00007ffaf4f30000 - 0x00007ffaf4f58000 	C:\WINDOWS\System32\bcrypt.dll
0x00007ffaf60f0000 - 0x00007ffaf6205000 	C:\WINDOWS\System32\RPCRT4.dll
0x00007ffaea690000 - 0x00007ffaea6c4000 	C:\WINDOWS\SYSTEM32\WINMM.dll
0x00007ffad3ef0000 - 0x00007ffad3ef9000 	C:\WINDOWS\SYSTEM32\WSOCK32.dll
0x00007ffae4b20000 - 0x00007ffae4b2a000 	C:\WINDOWS\SYSTEM32\VERSION.dll
0x00007ffaf7740000 - 0x00007ffaf77b1000 	C:\WINDOWS\System32\WS2_32.dll
0x00007ffaf3bb0000 - 0x00007ffaf3bc8000 	C:\WINDOWS\SYSTEM32\kernel.appcore.dll
0x00007ffadb840000 - 0x00007ffadb84a000 	C:\Program Files\Android\Android Studio\jbr\bin\jimage.dll
0x00007ffaf1eb0000 - 0x00007ffaf20e3000 	C:\WINDOWS\SYSTEM32\DBGHELP.DLL
0x00007ffaf6540000 - 0x00007ffaf68c8000 	C:\WINDOWS\System32\combase.dll
0x00007ffaf6010000 - 0x00007ffaf60e7000 	C:\WINDOWS\System32\OLEAUT32.dll
0x00007ffacf970000 - 0x00007ffacf9a2000 	C:\WINDOWS\SYSTEM32\dbgcore.DLL
0x00007ffaf4eb0000 - 0x00007ffaf4f2a000 	C:\WINDOWS\System32\bcryptPrimitives.dll
0x00007ffadb810000 - 0x00007ffadb835000 	C:\Program Files\Android\Android Studio\jbr\bin\java.dll

dbghelp: loaded successfully - version: 4.0.5 - missing functions: none
symbol engine: initialized successfully - sym options: 0x614 - pdb path: .;C:\Program Files\Android\Android Studio\jbr\bin;C:\WINDOWS\SYSTEM32;C:\WINDOWS\WinSxS\amd64_microsoft.windows.common-controls_6595b64144ccf1df_6.0.22621.3235_none_270f74e173860f98;C:\Program Files\Android\Android Studio\jbr\bin\server

VM Arguments:
java_command: <unknown>
java_class_path (initial): <not set>
Launcher Type: SUN_STANDARD

[Global flags]
     intx CICompilerCount                          = 4                                         {product} {ergonomic}
     uint ConcGCThreads                            = 2                                         {product} {ergonomic}
     uint G1ConcRefinementThreads                  = 8                                         {product} {ergonomic}
   size_t G1HeapRegionSize                         = 1048576                                   {product} {ergonomic}
    uintx GCDrainStackTargetSize                   = 64                                        {product} {ergonomic}
   size_t InitialHeapSize                          = 132120576                                 {product} {ergonomic}
   size_t MarkStackSize                            = 4194304                                   {product} {ergonomic}
   size_t MaxHeapSize                              = 2097152000                                {product} {ergonomic}
   size_t MinHeapDeltaBytes                        = 1048576                                   {product} {ergonomic}
   size_t MinHeapSize                              = 8388608                                   {product} {ergonomic}
    uintx NonNMethodCodeHeapSize                   = 5839372                                {pd product} {ergonomic}
    uintx NonProfiledCodeHeapSize                  = 122909434                              {pd product} {ergonomic}
    uintx ProfiledCodeHeapSize                     = 122909434                              {pd product} {ergonomic}
    uintx ReservedCodeCacheSize                    = 251658240                              {pd product} {ergonomic}
     bool SegmentedCodeCache                       = true                                      {product} {ergonomic}
   size_t SoftMaxHeapSize                          = 2097152000                             {manageable} {ergonomic}
     bool UseCompressedClassPointers               = true                           {product lp64_product} {ergonomic}
     bool UseCompressedOops                        = true                           {product lp64_product} {ergonomic}
     bool UseG1GC                                  = true                                      {product} {ergonomic}
     bool UseLargePagesIndividualAllocation        = false                                  {pd product} {ergonomic}

Logging:
Log output configuration:
 #0: stdout all=warning uptime,level,tags
 #1: stderr all=off uptime,level,tags

Environment Variables:
JAVA_HOME=C:\Program Files\Android\Android Studio\jbr
PATH=C:\Program Files\Android\Android Studio\jbr\bin;C:\Program Files\Common Files\Oracle\Java\javapath;C:\windows\system32;C:\windows;C:\windows\System32\Wbem;C:\windows\System32\WindowsPowerShell\v1.0\;C:\windows\System32\OpenSSH\;C:\Program Files (x86)\NVIDIA Corporation\PhysX\Common;C:\Program Files\NVIDIA Corporation\NVIDIA NvDLISR;C:\WINDOWS\system32;C:\WINDOWS;C:\WINDOWS\System32\Wbem;C:\WINDOWS\System32\WindowsPowerShell\v1.0\;C:\WINDOWS\System32\OpenSSH\;C:\Program Files (x86)\mingw-w64\i686-8.1.0-posix-dwarf-rt_v6-rev0\mingw32\bin;D:\app\;C:\Program Files\dotnet\;C:\Program Files\Azure Data Studio\bin;C:\Program Files\nodejs\;C:\Program Files\MongoDB\Server\6.0\bin;C:\Program Files (x86)\Common Files\Acronis\SnapAPI\;C:\Program Files\Java\jdk-19\bin;C:\WINDOWS\system32;C:\WINDOWS;C:\WINDOWS\System32\Wbem;C:\WINDOWS\System32\WindowsPowerShell\v1.0\;C:\WINDOWS\System32\OpenSSH\;C:\Program Files\Microsoft SQL Server\150\Tools\Binn\;C:\Program Files\Docker\Docker\resources\bin;D:\app\Git\cmd;C:\Program Files\Cloudflare\Cloudflare WARP\;C:\Program Files\MySQL\MySQL Shell 8.0\bin\;C:\Users\admin\AppData\Local\Microsoft\WindowsApps;C:\Users\admin\AppData\Local\Programs\Microsoft VS Code\bin;C:\Users\admin\.dotnet\tools;C:\Program Files\Azure Data Studio\bin;C:\Users\admin\AppData\Roaming\npm;C:\Program Files\Java\jdk-19\bin;D:\flutter\bin;D:\App\grpc\bin;
USERNAME=Hasaghi
OS=Windows_NT
PROCESSOR_IDENTIFIER=Intel64 Family 6 Model 142 Stepping 12, GenuineIntel
TMP=C:\Users\admin\AppData\Local\Temp
TEMP=C:\Users\admin\AppData\Local\Temp


JNI global refs:
JNI global refs: 0, weak refs: 0

JNI global refs memory usage: 0, weak refs: 0

OOME stack traces (most recent first):
Classloader memory used:


---------------  S Y S T E M  ---------------

OS:
 Windows 11 , 64 bit Build 22621 (10.0.22621.3235)
OS uptime: 0 days 3:05 hours
Hyper-V role detected

CPU: total 8 (initial active 8) (4 cores per cpu, 2 threads per core) family 6 model 142 stepping 12 microcode 0xf0, cx8, cmov, fxsr, ht, mmx, 3dnowpref, sse, sse2, sse3, ssse3, sse4.1, sse4.2, popcnt, lzcnt, tsc, tscinvbit, avx, avx2, aes, erms, clmul, bmi1, bmi2, adx, fma, vzeroupper, clflush, clflushopt, hv

Memory: 4k page, system-wide physical 7995M (435M free)
TotalPageFile size 17132M (AvailPageFile size 127M)
current process WorkingSet (physical memory assigned to process): 11M, peak: 11M
current process commit charge ("private bytes"): 60M, peak: 186M

vm_info: OpenJDK 64-Bit Server VM (17.0.7+0-b2043.56-10550314) for windows-amd64 JRE (17.0.7+0-b2043.56-10550314), built on Jul 24 2023 18:27:45 by "androidbuild" with MS VC++ 16.10 / 16.11 (VS2019)

END.
