#
# There is insufficient memory for the Java Runtime Environment to continue.
# Native memory allocation (mmap) failed to map 65536 bytes for Failed to commit metaspace.
# Possible reasons:
#   The system is out of physical RAM or swap space
#   The process is running with CompressedOops enabled, and the Java Heap may be blocking the growth of the native heap
# Possible solutions:
#   Reduce memory load on the system
#   Increase physical memory or swap space
#   Check if swap backing store is full
#   Decrease Java heap size (-Xmx/-Xms)
#   Decrease number of Java threads
#   Decrease Java thread stack sizes (-Xss)
#   Set larger code cache with -XX:ReservedCodeCacheSize=
#   JVM is running with Unscaled Compressed Oops mode in which the Java heap is
#     placed in the first 4GB address space. The Java Heap base address is the
#     maximum limit for the native heap growth. Please use -XX:HeapBaseMinAddress
#     to set the Java Heap base and to place the Java Heap above 4GB virtual address.
# This output file may be truncated or incomplete.
#
#  Out of Memory Error (virtualSpaceNode.cpp:110), pid=3116, tid=15324
#
# JRE version: OpenJDK Runtime Environment (17.0.7) (build 17.0.7+0-b2043.56-10550314)
# Java VM: OpenJDK 64-Bit Server VM (17.0.7+0-b2043.56-10550314, mixed mode, tiered, compressed oops, compressed class ptrs, g1 gc, windows-amd64)
# No core dump will be written. Minidumps are not enabled by default on client versions of Windows
#

---------------  S U M M A R Y ------------

Command Line: -Dorg.gradle.appname=gradlew org.gradle.wrapper.GradleWrapperMain -q -Ptarget-platform=android-arm64 -Ptarget=D:\University-information\lastyear\student_hub\lib\main.dart -Pbase-application-name=android.app.Application -Pdart-defines=RkxVVFRFUl9XRUJfQVVUT19ERVRFQ1Q9dHJ1ZQ==,RkxVVFRFUl9XRUJfQ0FOVkFTS0lUX1VSTD1odHRwczovL3d3dy5nc3RhdGljLmNvbS9mbHV0dGVyLWNhbnZhc2tpdC9mNDBlOTc2YmVkZmY1N2U2OWUxYjNkODlhN2MyYTNjNjE3YTAzZGFkLw== -Pdart-obfuscation=false -Ptrack-widget-creation=true -Ptree-shake-icons=false -Pfilesystem-scheme=org-dartlang-root assembleDebug

Host: Intel(R) Core(TM) i7-10510U CPU @ 1.80GHz, 8 cores, 7G,  Windows 11 , 64 bit Build 22621 (10.0.22621.3235)
Time: Sat Mar 23 22:29:06 2024 SE Asia Standard Time elapsed time: 1.951592 seconds (0d 0h 0m 1s)

---------------  T H R E A D  ---------------

Current thread (0x000001edceb21c80):  JavaThread "main" [_thread_in_vm, id=15324, stack(0x00000031e6200000,0x00000031e6300000)]

Stack: [0x00000031e6200000,0x00000031e6300000]
Native frames: (J=compiled Java code, j=interpreted, Vv=VM code, C=native code)
V  [jvm.dll+0x683bfa]
V  [jvm.dll+0x8430a4]
V  [jvm.dll+0x8449be]
V  [jvm.dll+0x845023]
V  [jvm.dll+0x24ad2f]
V  [jvm.dll+0x83e45b]
V  [jvm.dll+0x6281e6]
V  [jvm.dll+0x62824a]
V  [jvm.dll+0x62aa6a]
V  [jvm.dll+0x628b86]
V  [jvm.dll+0x372362]
V  [jvm.dll+0x1e66ab]
V  [jvm.dll+0x54a206]
V  [jvm.dll+0x1f573b]
V  [jvm.dll+0x7bcb6b]
V  [jvm.dll+0x7bdfb2]
V  [jvm.dll+0x7be2e8]
V  [jvm.dll+0x2429be]
V  [jvm.dll+0x242c0f]
V  [jvm.dll+0x568108]
V  [jvm.dll+0x56b047]
V  [jvm.dll+0x38a0f4]
V  [jvm.dll+0x38975f]
C  0x000001edd953a443

Java frames: (J=compiled Java code, j=interpreted, Vv=VM code)
j  jdk.net.ExtendedSocketOptions.<clinit>()V+84 jdk.net@17.0.7
v  ~StubRoutines::call_stub
j  java.lang.Class.forName0(Ljava/lang/String;ZLjava/lang/ClassLoader;Ljava/lang/Class;)Ljava/lang/Class;+0 java.base@17.0.7
j  java.lang.Class.forName(Ljava/lang/String;)Ljava/lang/Class;+11 java.base@17.0.7
j  sun.net.ext.ExtendedSocketOptions.getInstance()Lsun/net/ext/ExtendedSocketOptions;+12 java.base@17.0.7
j  sun.nio.ch.Net.<clinit>()V+210 java.base@17.0.7
v  ~StubRoutines::call_stub
j  sun.nio.ch.DatagramChannelImpl.<init>(Ljava/nio/channels/spi/SelectorProvider;Z)V+2 java.base@17.0.7
j  sun.nio.ch.SelectorProviderImpl.openUninterruptibleDatagramChannel()Ljava/nio/channels/DatagramChannel;+6 java.base@17.0.7
j  java.net.DatagramSocket.createDelegate(Ljava/net/SocketAddress;Ljava/lang/Class;)Ljava/net/DatagramSocket;+115 java.base@17.0.7
j  java.net.DatagramSocket.<init>(Ljava/net/SocketAddress;)V+4 java.base@17.0.7
j  java.net.DatagramSocket.<init>(ILjava/net/InetAddress;)V+10 java.base@17.0.7
j  org.gradle.cache.internal.locklistener.FileLockCommunicator.<init>(Lorg/gradle/internal/remote/internal/inet/InetAddressFactory;)V+19
j  org.gradle.cache.internal.locklistener.DefaultFileLockContentionHandler.getCommunicator()Lorg/gradle/cache/internal/locklistener/FileLockCommunicator;+29
j  org.gradle.cache.internal.locklistener.DefaultFileLockContentionHandler.reservePort()I+1
j  org.gradle.cache.internal.DefaultFileLockManager.lock(Ljava/io/File;Lorg/gradle/cache/LockOptions;Ljava/lang/String;Ljava/lang/String;Lorg/gradle/api/Action;)Lorg/gradle/cache/FileLock;+78
j  org.gradle.cache.internal.DefaultFileLockManager.lock(Ljava/io/File;Lorg/gradle/cache/LockOptions;Ljava/lang/String;Ljava/lang/String;)Lorg/gradle/cache/FileLock;+7
j  org.gradle.cache.internal.DefaultFileLockManager.lock(Ljava/io/File;Lorg/gradle/cache/LockOptions;Ljava/lang/String;)Lorg/gradle/cache/FileLock;+6
j  org.gradle.cache.internal.OnDemandFileAccess.readFile(Lorg/gradle/internal/Factory;)Ljava/lang/Object;+18
j  org.gradle.cache.internal.SimpleStateCache.get()Ljava/lang/Object;+12
j  org.gradle.cache.internal.FileIntegrityViolationSuppressingPersistentStateCacheDecorator.get()Ljava/lang/Object;+4
j  org.gradle.launcher.daemon.registry.PersistentDaemonRegistry.getAll()Ljava/util/List;+13
j  org.gradle.launcher.daemon.client.DefaultDaemonConnector.connect(Lorg/gradle/api/internal/specs/ExplainingSpec;)Lorg/gradle/launcher/daemon/client/DaemonClientConnection;+5
j  org.gradle.launcher.daemon.client.DaemonClient.execute(Lorg/gradle/internal/invocation/BuildAction;Lorg/gradle/launcher/exec/BuildActionParameters;Lorg/gradle/initialization/BuildRequestContext;)Lorg/gradle/launcher/exec/BuildActionResult;+62
j  org.gradle.launcher.daemon.client.DaemonClient.execute(Lorg/gradle/internal/invocation/BuildAction;Ljava/lang/Object;Ljava/lang/Object;)Lorg/gradle/launcher/exec/BuildActionResult;+10
j  org.gradle.launcher.cli.RunBuildAction.run()V+74
j  org.gradle.internal.Actions$RunnableActionAdapter.execute(Ljava/lang/Object;)V+4
j  org.gradle.launcher.cli.DefaultCommandLineActionFactory$ParseAndBuildAction.execute(Lorg/gradle/launcher/bootstrap/ExecutionListener;)V+60
j  org.gradle.launcher.cli.DefaultCommandLineActionFactory$ParseAndBuildAction.execute(Ljava/lang/Object;)V+5
j  org.gradle.launcher.cli.DebugLoggerWarningAction.execute(Lorg/gradle/launcher/bootstrap/ExecutionListener;)V+9
j  org.gradle.launcher.cli.DebugLoggerWarningAction.execute(Ljava/lang/Object;)V+5
j  org.gradle.launcher.cli.WelcomeMessageAction.execute(Lorg/gradle/launcher/bootstrap/ExecutionListener;)V+218
j  org.gradle.launcher.cli.WelcomeMessageAction.execute(Ljava/lang/Object;)V+5
j  org.gradle.launcher.cli.NativeServicesInitializingAction.execute(Lorg/gradle/launcher/bootstrap/ExecutionListener;)V+35
j  org.gradle.launcher.cli.NativeServicesInitializingAction.execute(Ljava/lang/Object;)V+5
j  org.gradle.launcher.cli.ExceptionReportingAction.execute(Lorg/gradle/launcher/bootstrap/ExecutionListener;)V+5
j  org.gradle.launcher.cli.ExceptionReportingAction.execute(Ljava/lang/Object;)V+5
j  org.gradle.launcher.cli.DefaultCommandLineActionFactory$WithLogging.execute(Lorg/gradle/launcher/bootstrap/ExecutionListener;)V+299
j  org.gradle.launcher.Main.doAction([Ljava/lang/String;Lorg/gradle/launcher/bootstrap/ExecutionListener;)V+14
j  org.gradle.launcher.bootstrap.EntryPoint.run([Ljava/lang/String;)V+12
v  ~StubRoutines::call_stub
j  jdk.internal.reflect.NativeMethodAccessorImpl.invoke0(Ljava/lang/reflect/Method;Ljava/lang/Object;[Ljava/lang/Object;)Ljava/lang/Object;+0 java.base@17.0.7
j  jdk.internal.reflect.NativeMethodAccessorImpl.invoke(Ljava/lang/Object;[Ljava/lang/Object;)Ljava/lang/Object;+133 java.base@17.0.7
j  jdk.internal.reflect.DelegatingMethodAccessorImpl.invoke(Ljava/lang/Object;[Ljava/lang/Object;)Ljava/lang/Object;+6 java.base@17.0.7
j  java.lang.reflect.Method.invoke(Ljava/lang/Object;[Ljava/lang/Object;)Ljava/lang/Object;+59 java.base@17.0.7
j  org.gradle.launcher.bootstrap.ProcessBootstrap.runNoExit(Ljava/lang/String;[Ljava/lang/String;)V+159
j  org.gradle.launcher.bootstrap.ProcessBootstrap.run(Ljava/lang/String;[Ljava/lang/String;)V+2
v  ~StubRoutines::call_stub
j  jdk.internal.reflect.NativeMethodAccessorImpl.invoke0(Ljava/lang/reflect/Method;Ljava/lang/Object;[Ljava/lang/Object;)Ljava/lang/Object;+0 java.base@17.0.7
j  jdk.internal.reflect.NativeMethodAccessorImpl.invoke(Ljava/lang/Object;[Ljava/lang/Object;)Ljava/lang/Object;+133 java.base@17.0.7
j  jdk.internal.reflect.DelegatingMethodAccessorImpl.invoke(Ljava/lang/Object;[Ljava/lang/Object;)Ljava/lang/Object;+6 java.base@17.0.7
j  java.lang.reflect.Method.invoke(Ljava/lang/Object;[Ljava/lang/Object;)Ljava/lang/Object;+59 java.base@17.0.7
j  org.gradle.launcher.GradleMain.main([Ljava/lang/String;)V+100
v  ~StubRoutines::call_stub
j  jdk.internal.reflect.NativeMethodAccessorImpl.invoke0(Ljava/lang/reflect/Method;Ljava/lang/Object;[Ljava/lang/Object;)Ljava/lang/Object;+0 java.base@17.0.7
j  jdk.internal.reflect.NativeMethodAccessorImpl.invoke(Ljava/lang/Object;[Ljava/lang/Object;)Ljava/lang/Object;+133 java.base@17.0.7
j  jdk.internal.reflect.DelegatingMethodAccessorImpl.invoke(Ljava/lang/Object;[Ljava/lang/Object;)Ljava/lang/Object;+6 java.base@17.0.7
j  java.lang.reflect.Method.invoke(Ljava/lang/Object;[Ljava/lang/Object;)Ljava/lang/Object;+59 java.base@17.0.7
j  org.gradle.wrapper.BootstrapMainStarter.start([Ljava/lang/String;Ljava/io/File;)V+82
j  org.gradle.wrapper.WrapperExecutor.execute([Ljava/lang/String;Lorg/gradle/wrapper/Install;Lorg/gradle/wrapper/BootstrapMainStarter;)V+14
j  org.gradle.wrapper.GradleWrapperMain.main([Ljava/lang/String;)V+190
v  ~StubRoutines::call_stub

---------------  P R O C E S S  ---------------

Threads class SMR info:
_java_thread_list=0x000001ededad5b60, length=13, elements={
0x000001edceb21c80, 0x000001ede8958e60, 0x000001ede8959cd0, 0x000001ede899d4c0,
0x000001ede89a0240, 0x000001ede89a1d60, 0x000001ede89a2710, 0x000001ede89a34a0,
0x000001ede89a8450, 0x000001ede89b0e50, 0x000001ede8b27aa0, 0x000001ede8b29380,
0x000001eded6d5bf0
}

Java Threads: ( => current thread )
=>0x000001edceb21c80 JavaThread "main" [_thread_in_vm, id=15324, stack(0x00000031e6200000,0x00000031e6300000)]
  0x000001ede8958e60 JavaThread "Reference Handler" daemon [_thread_blocked, id=18168, stack(0x00000031e6900000,0x00000031e6a00000)]
  0x000001ede8959cd0 JavaThread "Finalizer" daemon [_thread_blocked, id=19216, stack(0x00000031e6a00000,0x00000031e6b00000)]
  0x000001ede899d4c0 JavaThread "Signal Dispatcher" daemon [_thread_blocked, id=12140, stack(0x00000031e6b00000,0x00000031e6c00000)]
  0x000001ede89a0240 JavaThread "Attach Listener" daemon [_thread_blocked, id=20244, stack(0x00000031e6c00000,0x00000031e6d00000)]
  0x000001ede89a1d60 JavaThread "Service Thread" daemon [_thread_blocked, id=11064, stack(0x00000031e6d00000,0x00000031e6e00000)]
  0x000001ede89a2710 JavaThread "Monitor Deflation Thread" daemon [_thread_blocked, id=17840, stack(0x00000031e6e00000,0x00000031e6f00000)]
  0x000001ede89a34a0 JavaThread "C2 CompilerThread0" daemon [_thread_blocked, id=7596, stack(0x00000031e6f00000,0x00000031e7000000)]
  0x000001ede89a8450 JavaThread "C1 CompilerThread0" daemon [_thread_blocked, id=16600, stack(0x00000031e7000000,0x00000031e7100000)]
  0x000001ede89b0e50 JavaThread "Sweeper thread" daemon [_thread_blocked, id=18916, stack(0x00000031e7100000,0x00000031e7200000)]
  0x000001ede8b27aa0 JavaThread "Notification Thread" daemon [_thread_blocked, id=5596, stack(0x00000031e7200000,0x00000031e7300000)]
  0x000001ede8b29380 JavaThread "Common-Cleaner" daemon [_thread_blocked, id=20408, stack(0x00000031e7400000,0x00000031e7500000)]
  0x000001eded6d5bf0 JavaThread "pool-1-thread-1" [_thread_blocked, id=3204, stack(0x00000031e7a00000,0x00000031e7b00000)]

Other Threads:
  0x000001ede8956340 VMThread "VM Thread" [stack: 0x00000031e6800000,0x00000031e6900000] [id=11452]
  0x000001edceb9f6f0 WatcherThread [stack: 0x00000031e7300000,0x00000031e7400000] [id=20160]
  0x000001edceb7c0b0 GCTaskThread "GC Thread#0" [stack: 0x00000031e6300000,0x00000031e6400000] [id=18344]
  0x000001eded1794b0 GCTaskThread "GC Thread#1" [stack: 0x00000031e7600000,0x00000031e7700000] [id=14260]
  0x000001ededb8b460 GCTaskThread "GC Thread#2" [stack: 0x00000031e7700000,0x00000031e7800000] [id=11428]
  0x000001eded74c200 GCTaskThread "GC Thread#3" [stack: 0x00000031e7800000,0x00000031e7900000] [id=3552]
  0x000001eded71c080 GCTaskThread "GC Thread#4" [stack: 0x00000031e7900000,0x00000031e7a00000] [id=12152]
  0x000001edceb8c9f0 ConcurrentGCThread "G1 Main Marker" [stack: 0x00000031e6400000,0x00000031e6500000] [id=16756]
  0x000001edceb8dba0 ConcurrentGCThread "G1 Conc#0" [stack: 0x00000031e6500000,0x00000031e6600000] [id=17096]
  0x000001edcebd1670 ConcurrentGCThread "G1 Refine#0" [stack: 0x00000031e6600000,0x00000031e6700000] [id=12308]
  0x000001ede8236070 ConcurrentGCThread "G1 Service" [stack: 0x00000031e6700000,0x00000031e6800000] [id=18048]

Threads with active compile tasks:

VM state: not at safepoint (normal execution)

VM Mutex/Monitor currently owned by a thread:  ([mutex/lock_event])
[0x000001edceb1dde0] Metaspace_lock - owner thread: 0x000001edceb21c80

Heap address: 0x0000000083000000, size: 2000 MB, Compressed Oops mode: 32-bit

CDS archive(s) not mapped
Compressed class space mapped at: 0x0000000100000000-0x0000000140000000, reserved size: 1073741824
Narrow klass base: 0x0000000000000000, Narrow klass shift: 3, Narrow klass range: 0x140000000

GC Precious Log:
 CPUs: 8 total, 8 available
 Memory: 7995M
 Large Page Support: Disabled
 NUMA Support: Disabled
 Compressed Oops: Enabled (32-bit)
 Heap Region Size: 1M
 Heap Min Capacity: 8M
 Heap Initial Capacity: 126M
 Heap Max Capacity: 2000M
 Pre-touch: Disabled
 Parallel Workers: 8
 Concurrent Workers: 2
 Concurrent Refinement Workers: 8
 Periodic GC: Disabled

Heap:
 garbage-first heap   total 129024K, used 18721K [0x0000000083000000, 0x0000000100000000)
  region size 1024K, 13 young (13312K), 3 survivors (3072K)
 Metaspace       used 14566K, committed 14656K, reserved 1114112K
  class space    used 1687K, committed 1728K, reserved 1048576K

Heap Regions: E=young(eden), S=young(survivor), O=old, HS=humongous(starts), HC=humongous(continues), CS=collection set, F=free, OA=open archive, CA=closed archive, TAMS=top-at-mark-start (previous, next)
|   0|0x0000000083000000, 0x0000000083000000, 0x0000000083100000|  0%| F|  |TAMS 0x0000000083000000, 0x0000000083000000| Untracked 
|   1|0x0000000083100000, 0x0000000083100000, 0x0000000083200000|  0%| F|  |TAMS 0x0000000083100000, 0x0000000083100000| Untracked 
|   2|0x0000000083200000, 0x0000000083200000, 0x0000000083300000|  0%| F|  |TAMS 0x0000000083200000, 0x0000000083200000| Untracked 
|   3|0x0000000083300000, 0x0000000083400000, 0x0000000083400000|100%|HS|  |TAMS 0x0000000083300000, 0x0000000083300000| Complete 
|   4|0x0000000083400000, 0x0000000083500000, 0x0000000083500000|100%|HC|  |TAMS 0x0000000083400000, 0x0000000083400000| Complete 
|   5|0x0000000083500000, 0x0000000083600000, 0x0000000083600000|100%|HC|  |TAMS 0x0000000083500000, 0x0000000083500000| Complete 
|   6|0x0000000083600000, 0x0000000083700000, 0x0000000083700000|100%| O|  |TAMS 0x0000000083600000, 0x0000000083600000| Untracked 
|   7|0x0000000083700000, 0x0000000083800000, 0x0000000083800000|100%| O|  |TAMS 0x0000000083700000, 0x0000000083700000| Untracked 
|   8|0x0000000083800000, 0x0000000083900000, 0x0000000083900000|100%| O|  |TAMS 0x0000000083800000, 0x0000000083800000| Untracked 
|   9|0x0000000083900000, 0x0000000083948600, 0x0000000083a00000| 28%| O|  |TAMS 0x0000000083900000, 0x0000000083900000| Untracked 
|  10|0x0000000083a00000, 0x0000000083a00000, 0x0000000083b00000|  0%| F|  |TAMS 0x0000000083a00000, 0x0000000083a00000| Untracked 
|  11|0x0000000083b00000, 0x0000000083b00000, 0x0000000083c00000|  0%| F|  |TAMS 0x0000000083b00000, 0x0000000083b00000| Untracked 
|  12|0x0000000083c00000, 0x0000000083c00000, 0x0000000083d00000|  0%| F|  |TAMS 0x0000000083c00000, 0x0000000083c00000| Untracked 
|  13|0x0000000083d00000, 0x0000000083d00000, 0x0000000083e00000|  0%| F|  |TAMS 0x0000000083d00000, 0x0000000083d00000| Untracked 
|  14|0x0000000083e00000, 0x0000000083e00000, 0x0000000083f00000|  0%| F|  |TAMS 0x0000000083e00000, 0x0000000083e00000| Untracked 
|  15|0x0000000083f00000, 0x0000000083f00000, 0x0000000084000000|  0%| F|  |TAMS 0x0000000083f00000, 0x0000000083f00000| Untracked 
|  16|0x0000000084000000, 0x0000000084000000, 0x0000000084100000|  0%| F|  |TAMS 0x0000000084000000, 0x0000000084000000| Untracked 
|  17|0x0000000084100000, 0x0000000084100000, 0x0000000084200000|  0%| F|  |TAMS 0x0000000084100000, 0x0000000084100000| Untracked 
|  18|0x0000000084200000, 0x0000000084200000, 0x0000000084300000|  0%| F|  |TAMS 0x0000000084200000, 0x0000000084200000| Untracked 
|  19|0x0000000084300000, 0x0000000084300000, 0x0000000084400000|  0%| F|  |TAMS 0x0000000084300000, 0x0000000084300000| Untracked 
|  20|0x0000000084400000, 0x0000000084400000, 0x0000000084500000|  0%| F|  |TAMS 0x0000000084400000, 0x0000000084400000| Untracked 
|  21|0x0000000084500000, 0x0000000084500000, 0x0000000084600000|  0%| F|  |TAMS 0x0000000084500000, 0x0000000084500000| Untracked 
|  22|0x0000000084600000, 0x0000000084600000, 0x0000000084700000|  0%| F|  |TAMS 0x0000000084600000, 0x0000000084600000| Untracked 
|  23|0x0000000084700000, 0x0000000084700000, 0x0000000084800000|  0%| F|  |TAMS 0x0000000084700000, 0x0000000084700000| Untracked 
|  24|0x0000000084800000, 0x0000000084800000, 0x0000000084900000|  0%| F|  |TAMS 0x0000000084800000, 0x0000000084800000| Untracked 
|  25|0x0000000084900000, 0x0000000084900000, 0x0000000084a00000|  0%| F|  |TAMS 0x0000000084900000, 0x0000000084900000| Untracked 
|  26|0x0000000084a00000, 0x0000000084a00000, 0x0000000084b00000|  0%| F|  |TAMS 0x0000000084a00000, 0x0000000084a00000| Untracked 
|  27|0x0000000084b00000, 0x0000000084b00000, 0x0000000084c00000|  0%| F|  |TAMS 0x0000000084b00000, 0x0000000084b00000| Untracked 
|  28|0x0000000084c00000, 0x0000000084c00000, 0x0000000084d00000|  0%| F|  |TAMS 0x0000000084c00000, 0x0000000084c00000| Untracked 
|  29|0x0000000084d00000, 0x0000000084d00000, 0x0000000084e00000|  0%| F|  |TAMS 0x0000000084d00000, 0x0000000084d00000| Untracked 
|  30|0x0000000084e00000, 0x0000000084e00000, 0x0000000084f00000|  0%| F|  |TAMS 0x0000000084e00000, 0x0000000084e00000| Untracked 
|  31|0x0000000084f00000, 0x0000000084f00000, 0x0000000085000000|  0%| F|  |TAMS 0x0000000084f00000, 0x0000000084f00000| Untracked 
|  32|0x0000000085000000, 0x0000000085000000, 0x0000000085100000|  0%| F|  |TAMS 0x0000000085000000, 0x0000000085000000| Untracked 
|  33|0x0000000085100000, 0x0000000085100000, 0x0000000085200000|  0%| F|  |TAMS 0x0000000085100000, 0x0000000085100000| Untracked 
|  34|0x0000000085200000, 0x0000000085200000, 0x0000000085300000|  0%| F|  |TAMS 0x0000000085200000, 0x0000000085200000| Untracked 
|  35|0x0000000085300000, 0x0000000085300000, 0x0000000085400000|  0%| F|  |TAMS 0x0000000085300000, 0x0000000085300000| Untracked 
|  36|0x0000000085400000, 0x0000000085400000, 0x0000000085500000|  0%| F|  |TAMS 0x0000000085400000, 0x0000000085400000| Untracked 
|  37|0x0000000085500000, 0x0000000085500000, 0x0000000085600000|  0%| F|  |TAMS 0x0000000085500000, 0x0000000085500000| Untracked 
|  38|0x0000000085600000, 0x0000000085600000, 0x0000000085700000|  0%| F|  |TAMS 0x0000000085600000, 0x0000000085600000| Untracked 
|  39|0x0000000085700000, 0x0000000085700000, 0x0000000085800000|  0%| F|  |TAMS 0x0000000085700000, 0x0000000085700000| Untracked 
|  40|0x0000000085800000, 0x0000000085800000, 0x0000000085900000|  0%| F|  |TAMS 0x0000000085800000, 0x0000000085800000| Untracked 
|  41|0x0000000085900000, 0x0000000085900000, 0x0000000085a00000|  0%| F|  |TAMS 0x0000000085900000, 0x0000000085900000| Untracked 
|  42|0x0000000085a00000, 0x0000000085a00000, 0x0000000085b00000|  0%| F|  |TAMS 0x0000000085a00000, 0x0000000085a00000| Untracked 
|  43|0x0000000085b00000, 0x0000000085b00000, 0x0000000085c00000|  0%| F|  |TAMS 0x0000000085b00000, 0x0000000085b00000| Untracked 
|  44|0x0000000085c00000, 0x0000000085c00000, 0x0000000085d00000|  0%| F|  |TAMS 0x0000000085c00000, 0x0000000085c00000| Untracked 
|  45|0x0000000085d00000, 0x0000000085d00000, 0x0000000085e00000|  0%| F|  |TAMS 0x0000000085d00000, 0x0000000085d00000| Untracked 
|  46|0x0000000085e00000, 0x0000000085e00000, 0x0000000085f00000|  0%| F|  |TAMS 0x0000000085e00000, 0x0000000085e00000| Untracked 
|  47|0x0000000085f00000, 0x0000000085f00000, 0x0000000086000000|  0%| F|  |TAMS 0x0000000085f00000, 0x0000000085f00000| Untracked 
|  48|0x0000000086000000, 0x0000000086000000, 0x0000000086100000|  0%| F|  |TAMS 0x0000000086000000, 0x0000000086000000| Untracked 
|  49|0x0000000086100000, 0x0000000086100000, 0x0000000086200000|  0%| F|  |TAMS 0x0000000086100000, 0x0000000086100000| Untracked 
|  50|0x0000000086200000, 0x0000000086200000, 0x0000000086300000|  0%| F|  |TAMS 0x0000000086200000, 0x0000000086200000| Untracked 
|  51|0x0000000086300000, 0x0000000086300000, 0x0000000086400000|  0%| F|  |TAMS 0x0000000086300000, 0x0000000086300000| Untracked 
|  52|0x0000000086400000, 0x0000000086400000, 0x0000000086500000|  0%| F|  |TAMS 0x0000000086400000, 0x0000000086400000| Untracked 
|  53|0x0000000086500000, 0x0000000086500000, 0x0000000086600000|  0%| F|  |TAMS 0x0000000086500000, 0x0000000086500000| Untracked 
|  54|0x0000000086600000, 0x0000000086600000, 0x0000000086700000|  0%| F|  |TAMS 0x0000000086600000, 0x0000000086600000| Untracked 
|  55|0x0000000086700000, 0x0000000086700000, 0x0000000086800000|  0%| F|  |TAMS 0x0000000086700000, 0x0000000086700000| Untracked 
|  56|0x0000000086800000, 0x0000000086800000, 0x0000000086900000|  0%| F|  |TAMS 0x0000000086800000, 0x0000000086800000| Untracked 
|  57|0x0000000086900000, 0x0000000086900000, 0x0000000086a00000|  0%| F|  |TAMS 0x0000000086900000, 0x0000000086900000| Untracked 
|  58|0x0000000086a00000, 0x0000000086a00000, 0x0000000086b00000|  0%| F|  |TAMS 0x0000000086a00000, 0x0000000086a00000| Untracked 
|  59|0x0000000086b00000, 0x0000000086b00000, 0x0000000086c00000|  0%| F|  |TAMS 0x0000000086b00000, 0x0000000086b00000| Untracked 
|  60|0x0000000086c00000, 0x0000000086c00000, 0x0000000086d00000|  0%| F|  |TAMS 0x0000000086c00000, 0x0000000086c00000| Untracked 
|  61|0x0000000086d00000, 0x0000000086d00000, 0x0000000086e00000|  0%| F|  |TAMS 0x0000000086d00000, 0x0000000086d00000| Untracked 
|  62|0x0000000086e00000, 0x0000000086e00000, 0x0000000086f00000|  0%| F|  |TAMS 0x0000000086e00000, 0x0000000086e00000| Untracked 
|  63|0x0000000086f00000, 0x0000000086f00000, 0x0000000087000000|  0%| F|  |TAMS 0x0000000086f00000, 0x0000000086f00000| Untracked 
|  64|0x0000000087000000, 0x0000000087000000, 0x0000000087100000|  0%| F|  |TAMS 0x0000000087000000, 0x0000000087000000| Untracked 
|  65|0x0000000087100000, 0x0000000087100000, 0x0000000087200000|  0%| F|  |TAMS 0x0000000087100000, 0x0000000087100000| Untracked 
|  66|0x0000000087200000, 0x0000000087200000, 0x0000000087300000|  0%| F|  |TAMS 0x0000000087200000, 0x0000000087200000| Untracked 
|  67|0x0000000087300000, 0x0000000087300000, 0x0000000087400000|  0%| F|  |TAMS 0x0000000087300000, 0x0000000087300000| Untracked 
|  68|0x0000000087400000, 0x0000000087400000, 0x0000000087500000|  0%| F|  |TAMS 0x0000000087400000, 0x0000000087400000| Untracked 
|  69|0x0000000087500000, 0x0000000087500000, 0x0000000087600000|  0%| F|  |TAMS 0x0000000087500000, 0x0000000087500000| Untracked 
|  70|0x0000000087600000, 0x0000000087600000, 0x0000000087700000|  0%| F|  |TAMS 0x0000000087600000, 0x0000000087600000| Untracked 
|  71|0x0000000087700000, 0x0000000087700000, 0x0000000087800000|  0%| F|  |TAMS 0x0000000087700000, 0x0000000087700000| Untracked 
|  72|0x0000000087800000, 0x0000000087800000, 0x0000000087900000|  0%| F|  |TAMS 0x0000000087800000, 0x0000000087800000| Untracked 
|  73|0x0000000087900000, 0x0000000087900000, 0x0000000087a00000|  0%| F|  |TAMS 0x0000000087900000, 0x0000000087900000| Untracked 
|  74|0x0000000087a00000, 0x0000000087a00000, 0x0000000087b00000|  0%| F|  |TAMS 0x0000000087a00000, 0x0000000087a00000| Untracked 
|  75|0x0000000087b00000, 0x0000000087b00000, 0x0000000087c00000|  0%| F|  |TAMS 0x0000000087b00000, 0x0000000087b00000| Untracked 
|  76|0x0000000087c00000, 0x0000000087c00000, 0x0000000087d00000|  0%| F|  |TAMS 0x0000000087c00000, 0x0000000087c00000| Untracked 
|  77|0x0000000087d00000, 0x0000000087d00000, 0x0000000087e00000|  0%| F|  |TAMS 0x0000000087d00000, 0x0000000087d00000| Untracked 
|  78|0x0000000087e00000, 0x0000000087e00000, 0x0000000087f00000|  0%| F|  |TAMS 0x0000000087e00000, 0x0000000087e00000| Untracked 
|  79|0x0000000087f00000, 0x0000000087f00000, 0x0000000088000000|  0%| F|  |TAMS 0x0000000087f00000, 0x0000000087f00000| Untracked 
|  80|0x0000000088000000, 0x0000000088000000, 0x0000000088100000|  0%| F|  |TAMS 0x0000000088000000, 0x0000000088000000| Untracked 
|  81|0x0000000088100000, 0x0000000088100000, 0x0000000088200000|  0%| F|  |TAMS 0x0000000088100000, 0x0000000088100000| Untracked 
|  82|0x0000000088200000, 0x0000000088200000, 0x0000000088300000|  0%| F|  |TAMS 0x0000000088200000, 0x0000000088200000| Untracked 
|  83|0x0000000088300000, 0x0000000088300000, 0x0000000088400000|  0%| F|  |TAMS 0x0000000088300000, 0x0000000088300000| Untracked 
|  84|0x0000000088400000, 0x0000000088400000, 0x0000000088500000|  0%| F|  |TAMS 0x0000000088400000, 0x0000000088400000| Untracked 
|  85|0x0000000088500000, 0x0000000088500000, 0x0000000088600000|  0%| F|  |TAMS 0x0000000088500000, 0x0000000088500000| Untracked 
|  86|0x0000000088600000, 0x0000000088600000, 0x0000000088700000|  0%| F|  |TAMS 0x0000000088600000, 0x0000000088600000| Untracked 
|  87|0x0000000088700000, 0x0000000088700000, 0x0000000088800000|  0%| F|  |TAMS 0x0000000088700000, 0x0000000088700000| Untracked 
|  88|0x0000000088800000, 0x0000000088800000, 0x0000000088900000|  0%| F|  |TAMS 0x0000000088800000, 0x0000000088800000| Untracked 
|  89|0x0000000088900000, 0x0000000088900000, 0x0000000088a00000|  0%| F|  |TAMS 0x0000000088900000, 0x0000000088900000| Untracked 
|  90|0x0000000088a00000, 0x0000000088a00000, 0x0000000088b00000|  0%| F|  |TAMS 0x0000000088a00000, 0x0000000088a00000| Untracked 
|  91|0x0000000088b00000, 0x0000000088b00000, 0x0000000088c00000|  0%| F|  |TAMS 0x0000000088b00000, 0x0000000088b00000| Untracked 
|  92|0x0000000088c00000, 0x0000000088c00000, 0x0000000088d00000|  0%| F|  |TAMS 0x0000000088c00000, 0x0000000088c00000| Untracked 
|  93|0x0000000088d00000, 0x0000000088d00000, 0x0000000088e00000|  0%| F|  |TAMS 0x0000000088d00000, 0x0000000088d00000| Untracked 
|  94|0x0000000088e00000, 0x0000000088e00000, 0x0000000088f00000|  0%| F|  |TAMS 0x0000000088e00000, 0x0000000088e00000| Untracked 
|  95|0x0000000088f00000, 0x0000000088f00000, 0x0000000089000000|  0%| F|  |TAMS 0x0000000088f00000, 0x0000000088f00000| Untracked 
|  96|0x0000000089000000, 0x0000000089000000, 0x0000000089100000|  0%| F|  |TAMS 0x0000000089000000, 0x0000000089000000| Untracked 
|  97|0x0000000089100000, 0x0000000089100000, 0x0000000089200000|  0%| F|  |TAMS 0x0000000089100000, 0x0000000089100000| Untracked 
|  98|0x0000000089200000, 0x0000000089200000, 0x0000000089300000|  0%| F|  |TAMS 0x0000000089200000, 0x0000000089200000| Untracked 
|  99|0x0000000089300000, 0x0000000089300000, 0x0000000089400000|  0%| F|  |TAMS 0x0000000089300000, 0x0000000089300000| Untracked 
| 100|0x0000000089400000, 0x0000000089500000, 0x0000000089500000|100%| S|CS|TAMS 0x0000000089400000, 0x0000000089400000| Complete 
| 101|0x0000000089500000, 0x0000000089600000, 0x0000000089600000|100%| S|CS|TAMS 0x0000000089500000, 0x0000000089500000| Complete 
| 102|0x0000000089600000, 0x0000000089700000, 0x0000000089700000|100%| S|CS|TAMS 0x0000000089600000, 0x0000000089600000| Complete 
| 103|0x0000000089700000, 0x0000000089700000, 0x0000000089800000|  0%| F|  |TAMS 0x0000000089700000, 0x0000000089700000| Untracked 
| 104|0x0000000089800000, 0x0000000089800000, 0x0000000089900000|  0%| F|  |TAMS 0x0000000089800000, 0x0000000089800000| Untracked 
| 105|0x0000000089900000, 0x0000000089900000, 0x0000000089a00000|  0%| F|  |TAMS 0x0000000089900000, 0x0000000089900000| Untracked 
| 106|0x0000000089a00000, 0x0000000089a00000, 0x0000000089b00000|  0%| F|  |TAMS 0x0000000089a00000, 0x0000000089a00000| Untracked 
| 107|0x0000000089b00000, 0x0000000089b00000, 0x0000000089c00000|  0%| F|  |TAMS 0x0000000089b00000, 0x0000000089b00000| Untracked 
| 108|0x0000000089c00000, 0x0000000089c00000, 0x0000000089d00000|  0%| F|  |TAMS 0x0000000089c00000, 0x0000000089c00000| Untracked 
| 109|0x0000000089d00000, 0x0000000089d00000, 0x0000000089e00000|  0%| F|  |TAMS 0x0000000089d00000, 0x0000000089d00000| Untracked 
| 110|0x0000000089e00000, 0x0000000089e00000, 0x0000000089f00000|  0%| F|  |TAMS 0x0000000089e00000, 0x0000000089e00000| Untracked 
| 111|0x0000000089f00000, 0x0000000089f00000, 0x000000008a000000|  0%| F|  |TAMS 0x0000000089f00000, 0x0000000089f00000| Untracked 
| 112|0x000000008a000000, 0x000000008a000000, 0x000000008a100000|  0%| F|  |TAMS 0x000000008a000000, 0x000000008a000000| Untracked 
| 113|0x000000008a100000, 0x000000008a100000, 0x000000008a200000|  0%| F|  |TAMS 0x000000008a100000, 0x000000008a100000| Untracked 
| 114|0x000000008a200000, 0x000000008a200000, 0x000000008a300000|  0%| F|  |TAMS 0x000000008a200000, 0x000000008a200000| Untracked 
| 115|0x000000008a300000, 0x000000008a300000, 0x000000008a400000|  0%| F|  |TAMS 0x000000008a300000, 0x000000008a300000| Untracked 
| 116|0x000000008a400000, 0x000000008a500000, 0x000000008a500000|100%| E|  |TAMS 0x000000008a400000, 0x000000008a400000| Complete 
| 117|0x000000008a500000, 0x000000008a600000, 0x000000008a600000|100%| E|CS|TAMS 0x000000008a500000, 0x000000008a500000| Complete 
| 118|0x000000008a600000, 0x000000008a700000, 0x000000008a700000|100%| E|CS|TAMS 0x000000008a600000, 0x000000008a600000| Complete 
| 119|0x000000008a700000, 0x000000008a800000, 0x000000008a800000|100%| E|CS|TAMS 0x000000008a700000, 0x000000008a700000| Complete 
| 120|0x000000008a800000, 0x000000008a900000, 0x000000008a900000|100%| E|CS|TAMS 0x000000008a800000, 0x000000008a800000| Complete 
| 121|0x000000008a900000, 0x000000008aa00000, 0x000000008aa00000|100%| E|CS|TAMS 0x000000008a900000, 0x000000008a900000| Complete 
| 122|0x000000008aa00000, 0x000000008ab00000, 0x000000008ab00000|100%| E|CS|TAMS 0x000000008aa00000, 0x000000008aa00000| Complete 
| 123|0x000000008ab00000, 0x000000008ac00000, 0x000000008ac00000|100%| E|CS|TAMS 0x000000008ab00000, 0x000000008ab00000| Complete 
| 124|0x000000008ac00000, 0x000000008ad00000, 0x000000008ad00000|100%| E|CS|TAMS 0x000000008ac00000, 0x000000008ac00000| Complete 
| 125|0x000000008ad00000, 0x000000008ae00000, 0x000000008ae00000|100%| E|CS|TAMS 0x000000008ad00000, 0x000000008ad00000| Complete 

Card table byte_map: [0x000001ede1720000,0x000001ede1b10000] _byte_map_base: 0x000001ede1308000

Marking Bits (Prev, Next): (CMBitMap*) 0x000001edceb7c6c0, (CMBitMap*) 0x000001edceb7c700
 Prev Bits: [0x000001ede1f00000, 0x000001ede3e40000)
 Next Bits: [0x000001ede3e40000, 0x000001ede5d80000)

Polling page: 0x000001edccaa0000

Metaspace:

Usage:
  Non-class:     12.58 MB used.
      Class:      1.65 MB used.
       Both:     14.23 MB used.

Virtual space:
  Non-class space:       64.00 MB reserved,      12.62 MB ( 20%) committed,  1 nodes.
      Class space:        1.00 GB reserved,       1.69 MB ( <1%) committed,  1 nodes.
             Both:        1.06 GB reserved,      14.31 MB (  1%) committed. 

Chunk freelists:
   Non-Class:  2.56 MB
       Class:  14.26 MB
        Both:  16.82 MB

MaxMetaspaceSize: unlimited
CompressedClassSpaceSize: 1.00 GB
Initial GC threshold: 21.00 MB
Current GC threshold: 21.00 MB
CDS: off
MetaspaceReclaimPolicy: balanced
 - commit_granule_bytes: 65536.
 - commit_granule_words: 8192.
 - virtual_space_node_default_size: 8388608.
 - enlarge_chunks_in_place: 1.
 - new_chunks_are_fully_committed: 0.
 - uncommit_free_chunks: 1.
 - use_allocation_guard: 0.
 - handle_deallocations: 1.


Internal statistics:

num_allocs_failed_limit: 0.
num_arena_births: 72.
num_arena_deaths: 0.
num_vsnodes_births: 2.
num_vsnodes_deaths: 0.
num_space_committed: 229.
num_space_uncommitted: 0.
num_chunks_returned_to_freelist: 0.
num_chunks_taken_from_freelist: 263.
num_chunk_merges: 0.
num_chunk_splits: 173.
num_chunks_enlarged: 141.
num_inconsistent_stats: 0.

CodeHeap 'non-profiled nmethods': size=120000Kb used=447Kb max_used=447Kb free=119552Kb
 bounds [0x000001edd9ac0000, 0x000001edd9d30000, 0x000001ede0ff0000]
CodeHeap 'profiled nmethods': size=120000Kb used=1949Kb max_used=1949Kb free=118050Kb
 bounds [0x000001edd1ff0000, 0x000001edd2260000, 0x000001edd9520000]
CodeHeap 'non-nmethods': size=5760Kb used=1148Kb max_used=1168Kb free=4611Kb
 bounds [0x000001edd9520000, 0x000001edd9790000, 0x000001edd9ac0000]
 total_blobs=1521 nmethods=1081 adapters=353
 compilation: enabled
              stopped_count=0, restarted_count=0
 full_count=0

Compilation events (20 events):
Event: 1.656 Thread 0x000001ede89a8450 1072       3       sun.nio.fs.WindowsDirectoryStream$WindowsDirectoryIterator::isSelfOrParent (24 bytes)
Event: 1.657 Thread 0x000001ede89a8450 nmethod 1072 0x000001edd21d3c90 code [0x000001edd21d3e40, 0x000001edd21d4078]
Event: 1.657 Thread 0x000001ede89a8450 1074  s    3       sun.nio.fs.WindowsDirectoryStream$WindowsDirectoryIterator::hasNext (35 bytes)
Event: 1.657 Thread 0x000001ede89a34a0 nmethod 1064 0x000001edd9b2e190 code [0x000001edd9b2e320, 0x000001edd9b2e798]
Event: 1.657 Thread 0x000001ede89a8450 nmethod 1074 0x000001edd21d4190 code [0x000001edd21d4340, 0x000001edd21d4668]
Event: 1.657 Thread 0x000001ede89a8450 1076       3       sun.nio.fs.WindowsDirectoryStream$WindowsDirectoryIterator::next (5 bytes)
Event: 1.657 Thread 0x000001eded028680 nmethod 1067 0x000001edd9b2e990 code [0x000001edd9b2eb40, 0x000001edd9b2ede8]
Event: 1.657 Thread 0x000001ede89a8450 nmethod 1076 0x000001edd21d4710 code [0x000001edd21d48c0, 0x000001edd21d4a08]
Event: 1.657 Thread 0x000001ede89a8450 1068       3       sun.nio.fs.WindowsPath::getFileName (87 bytes)
Event: 1.659 Thread 0x000001ede89a8450 nmethod 1068 0x000001edd21d4a90 code [0x000001edd21d4d40, 0x000001edd21d5bc8]
Event: 1.659 Thread 0x000001ede89a8450 1069       3       sun.security.provider.SHA::implCompress (13 bytes)
Event: 1.659 Thread 0x000001ede89a8450 nmethod 1069 0x000001edd21d6110 code [0x000001edd21d6300, 0x000001edd21d6748]
Event: 1.659 Thread 0x000001ede89a8450 1070       3       sun.security.provider.SHA::implCompressCheck (27 bytes)
Event: 1.659 Thread 0x000001ede89a8450 nmethod 1070 0x000001edd21d6910 code [0x000001edd21d6ae0, 0x000001edd21d6e98]
Event: 1.711 Thread 0x000001ede89a8450 1079       1       java.util.concurrent.atomic.AtomicReference::get (5 bytes)
Event: 1.712 Thread 0x000001ede89a8450 nmethod 1079 0x000001edd9b2f610 code [0x000001edd9b2f7a0, 0x000001edd9b2f878]
Event: 1.940 Thread 0x000001ede89a34a0 1080       4       java.lang.String::startsWith (7 bytes)
Event: 1.942 Thread 0x000001ede89a8450 1081       3       java.lang.invoke.MemberName::getName (25 bytes)
Event: 1.943 Thread 0x000001ede89a8450 nmethod 1081 0x000001edd21d7010 code [0x000001edd21d71e0, 0x000001edd21d7568]
Event: 1.948 Thread 0x000001ede89a34a0 nmethod 1080 0x000001edd9b2f910 code [0x000001edd9b2faa0, 0x000001edd9b2fd18]

GC Heap History (2 events):
Event: 1.225 GC heap before
{Heap before GC invocations=0 (full 0):
 garbage-first heap   total 129024K, used 28672K [0x0000000083000000, 0x0000000100000000)
  region size 1024K, 23 young (23552K), 0 survivors (0K)
 Metaspace       used 11230K, committed 11456K, reserved 1114112K
  class space    used 1186K, committed 1280K, reserved 1048576K
}
Event: 1.236 GC heap after
{Heap after GC invocations=1 (full 0):
 garbage-first heap   total 129024K, used 9505K [0x0000000083000000, 0x0000000100000000)
  region size 1024K, 3 young (3072K), 3 survivors (3072K)
 Metaspace       used 11230K, committed 11456K, reserved 1114112K
  class space    used 1186K, committed 1280K, reserved 1048576K
}

Dll operation events (2 events):
Event: 0.012 Loaded shared library C:\Program Files\Android\Android Studio\jbr\bin\java.dll
Event: 0.171 Loaded shared library C:\Program Files\Android\Android Studio\jbr\bin\verify.dll

Deoptimization events (20 events):
Event: 1.491 Thread 0x000001edceb21c80 DEOPT PACKING pc=0x000001edd9b20a04 sp=0x00000031e62fa1f0
Event: 1.491 Thread 0x000001edceb21c80 DEOPT UNPACKING pc=0x000001edd95769a3 sp=0x00000031e62fa190 mode 2
Event: 1.491 Thread 0x000001edceb21c80 Uncommon trap: trap_request=0xffffffc6 fr.pc=0x000001edd9b20a04 relative=0x00000000000005a4
Event: 1.491 Thread 0x000001edceb21c80 Uncommon trap: reason=bimorphic_or_optimized_type_check action=maybe_recompile pc=0x000001edd9b20a04 method=java.util.concurrent.ConcurrentHashMap.get(Ljava/lang/Object;)Ljava/lang/Object; @ 149 c2
Event: 1.491 Thread 0x000001edceb21c80 DEOPT PACKING pc=0x000001edd9b20a04 sp=0x00000031e62fa1f0
Event: 1.491 Thread 0x000001edceb21c80 DEOPT UNPACKING pc=0x000001edd95769a3 sp=0x00000031e62fa190 mode 2
Event: 1.491 Thread 0x000001edceb21c80 Uncommon trap: trap_request=0xffffffc6 fr.pc=0x000001edd9b20a04 relative=0x00000000000005a4
Event: 1.491 Thread 0x000001edceb21c80 Uncommon trap: reason=bimorphic_or_optimized_type_check action=maybe_recompile pc=0x000001edd9b20a04 method=java.util.concurrent.ConcurrentHashMap.get(Ljava/lang/Object;)Ljava/lang/Object; @ 149 c2
Event: 1.491 Thread 0x000001edceb21c80 DEOPT PACKING pc=0x000001edd9b20a04 sp=0x00000031e62fa1f0
Event: 1.491 Thread 0x000001edceb21c80 DEOPT UNPACKING pc=0x000001edd95769a3 sp=0x00000031e62fa190 mode 2
Event: 1.491 Thread 0x000001edceb21c80 Uncommon trap: trap_request=0xffffffc6 fr.pc=0x000001edd9b20a04 relative=0x00000000000005a4
Event: 1.491 Thread 0x000001edceb21c80 Uncommon trap: reason=bimorphic_or_optimized_type_check action=maybe_recompile pc=0x000001edd9b20a04 method=java.util.concurrent.ConcurrentHashMap.get(Ljava/lang/Object;)Ljava/lang/Object; @ 149 c2
Event: 1.491 Thread 0x000001edceb21c80 DEOPT PACKING pc=0x000001edd9b20a04 sp=0x00000031e62fa620
Event: 1.491 Thread 0x000001edceb21c80 DEOPT UNPACKING pc=0x000001edd95769a3 sp=0x00000031e62fa5c0 mode 2
Event: 1.550 Thread 0x000001edceb21c80 DEOPT PACKING pc=0x000001edd20dcd38 sp=0x00000031e62f6a50
Event: 1.551 Thread 0x000001edceb21c80 DEOPT UNPACKING pc=0x000001edd9577143 sp=0x00000031e62f5f68 mode 0
Event: 1.641 Thread 0x000001edceb21c80 Uncommon trap: trap_request=0xffffff45 fr.pc=0x000001edd9b14d68 relative=0x0000000000001ca8
Event: 1.641 Thread 0x000001edceb21c80 Uncommon trap: reason=unstable_if action=reinterpret pc=0x000001edd9b14d68 method=java.io.WinNTFileSystem.normalize(Ljava/lang/String;)Ljava/lang/String; @ 128 c2
Event: 1.641 Thread 0x000001edceb21c80 DEOPT PACKING pc=0x000001edd9b14d68 sp=0x00000031e62fb620
Event: 1.641 Thread 0x000001edceb21c80 DEOPT UNPACKING pc=0x000001edd95769a3 sp=0x00000031e62fb608 mode 2

Classes unloaded (0 events):
No events

Classes redefined (0 events):
No events

Internal exceptions (16 events):
Event: 0.373 Thread 0x000001edceb21c80 Exception <a 'java/lang/NoSuchMethodError'{0x000000008aa1c9d8}: 'int java.lang.invoke.DirectMethodHandle$Holder.invokeStaticInit(java.lang.Object, java.lang.Object)'> (0x000000008aa1c9d8) 
thrown [s\src\hotspot\share\interpreter\linkResolver.cpp, line 771]
Event: 1.072 Thread 0x000001edceb21c80 Exception <a 'java/lang/NoSuchMethodError'{0x0000000089999e28}: 'void java.lang.invoke.DirectMethodHandle$Holder.invokeStatic(java.lang.Object, java.lang.Object)'> (0x0000000089999e28) 
thrown [s\src\hotspot\share\interpreter\linkResolver.cpp, line 771]
Event: 1.114 Thread 0x000001edceb21c80 Exception <a 'java/lang/NoClassDefFoundError'{0x0000000089820b90}: org/slf4j/impl/StaticMarkerBinder> (0x0000000089820b90) 
thrown [s\src\hotspot\share\classfile\systemDictionary.cpp, line 245]
Event: 1.139 Thread 0x000001edceb21c80 Exception <a 'java/lang/NoSuchMethodError'{0x00000000898bbb30}: 'java.lang.Object java.lang.invoke.DirectMethodHandle$Holder.invokeVirtual(java.lang.Object, java.lang.Object, java.lang.Object, java.lang.Object, java.lang.Object, java.lang.Object, java.lang.Object)'> (0x00000000898bbb30) 
thrown [s\src\hotspot\share\interpreter\linkResolver.cpp, line 771]
Event: 1.146 Thread 0x000001edceb21c80 Exception <a 'java/lang/NoSuchMethodError'{0x00000000898cd690}: 'java.lang.Object java.lang.invoke.Invokers$Holder.invoker(java.lang.Object, java.lang.Object, java.lang.Object)'> (0x00000000898cd690) 
thrown [s\src\hotspot\share\interpreter\linkResolver.cpp, line 771]
Event: 1.150 Thread 0x000001edceb21c80 Exception <a 'java/lang/NoSuchMethodError'{0x00000000898d6738}: 'java.lang.Object java.lang.invoke.DirectMethodHandle$Holder.invokeStatic(java.lang.Object, java.lang.Object, int)'> (0x00000000898d6738) 
thrown [s\src\hotspot\share\interpreter\linkResolver.cpp, line 771]
Event: 1.153 Thread 0x000001edceb21c80 Exception <a 'java/lang/NoSuchMethodError'{0x00000000898e2428}: 'void java.lang.invoke.DelegatingMethodHandle$Holder.delegate(java.lang.Object, java.lang.Object, int, java.lang.Object)'> (0x00000000898e2428) 
thrown [s\src\hotspot\share\interpreter\linkResolver.cpp, line 771]
Event: 1.154 Thread 0x000001edceb21c80 Exception <a 'java/lang/NoSuchMethodError'{0x00000000898e6570}: 'int java.lang.invoke.DirectMethodHandle$Holder.invokeSpecial(java.lang.Object, java.lang.Object, java.lang.Object)'> (0x00000000898e6570) 
thrown [s\src\hotspot\share\interpreter\linkResolver.cpp, line 771]
Event: 1.161 Thread 0x000001edceb21c80 Exception <a 'java/lang/NoSuchMethodError'{0x00000000898f9d00}: 'java.lang.Object java.lang.invoke.Invokers$Holder.invokeExact_MT(java.lang.Object, java.lang.Object, java.lang.Object, java.lang.Object)'> (0x00000000898f9d00) 
thrown [s\src\hotspot\share\interpreter\linkResolver.cpp, line 771]
Event: 1.352 Thread 0x000001edceb21c80 Exception <a 'java/lang/NoSuchMethodError'{0x000000008aa58220}: 'java.lang.Object java.lang.invoke.DirectMethodHandle$Holder.invokeInterface(java.lang.Object, java.lang.Object, java.lang.Object)'> (0x000000008aa58220) 
thrown [s\src\hotspot\share\interpreter\linkResolver.cpp, line 771]
Event: 1.361 Thread 0x000001edceb21c80 Exception <a 'java/lang/NoSuchMethodError'{0x000000008aa79b90}: 'void java.lang.invoke.DirectMethodHandle$Holder.invokeSpecial(java.lang.Object, java.lang.Object, java.lang.Object)'> (0x000000008aa79b90) 
thrown [s\src\hotspot\share\interpreter\linkResolver.cpp, line 771]
Event: 1.380 Thread 0x000001edceb21c80 Implicit null exception at 0x000001edd9b1248f to 0x000001edd9b12a04
Event: 1.380 Thread 0x000001edceb21c80 Implicit null exception at 0x000001edd9afff0f to 0x000001edd9b0048c
Event: 1.414 Thread 0x000001edceb21c80 Exception <a 'java/lang/NoSuchMethodError'{0x000000008a816ab0}: 'java.lang.Object java.lang.invoke.DirectMethodHandle$Holder.invokeStaticInit(java.lang.Object)'> (0x000000008a816ab0) 
thrown [s\src\hotspot\share\interpreter\linkResolver.cpp, line 771]
Event: 1.583 Thread 0x000001edceb21c80 Exception <a 'java/lang/NoSuchMethodError'{0x000000008a40ced0}: 'java.lang.Object java.lang.invoke.DirectMethodHandle$Holder.invokeStaticInit(java.lang.Object, int, int, int, int)'> (0x000000008a40ced0) 
thrown [s\src\hotspot\share\interpreter\linkResolver.cpp, line 771]
Event: 1.656 Thread 0x000001edceb21c80 Exception <a 'java/lang/NoSuchMethodError'{0x000000008a495e70}: 'java.lang.Object java.lang.invoke.DirectMethodHandle$Holder.invokeStaticInit(java.lang.Object, java.lang.Object, int, int, int, int)'> (0x000000008a495e70) 
thrown [s\src\hotspot\share\interpreter\linkResolver.cpp, line 771]

VM Operations (12 events):
Event: 0.163 Executing VM operation: HandshakeAllThreads
Event: 0.163 Executing VM operation: HandshakeAllThreads done
Event: 1.149 Executing VM operation: HandshakeAllThreads
Event: 1.149 Executing VM operation: HandshakeAllThreads done
Event: 1.149 Executing VM operation: Cleanup
Event: 1.149 Executing VM operation: Cleanup done
Event: 1.224 Executing VM operation: G1CollectForAllocation
Event: 1.236 Executing VM operation: G1CollectForAllocation done
Event: 1.504 Executing VM operation: HandshakeAllThreads
Event: 1.504 Executing VM operation: HandshakeAllThreads done
Event: 1.642 Executing VM operation: HandshakeAllThreads
Event: 1.642 Executing VM operation: HandshakeAllThreads done

Events (20 events):
Event: 1.945 loading class sun/nio/ch/DatagramChannelImpl done
Event: 1.946 loading class sun/nio/ch/DatagramDispatcher
Event: 1.947 loading class sun/nio/ch/DatagramDispatcher done
Event: 1.947 loading class sun/nio/ch/Net
Event: 1.948 loading class sun/nio/ch/Net done
Event: 1.948 loading class sun/nio/ch/Net$1
Event: 1.948 loading class java/net/ProtocolFamily
Event: 1.948 loading class java/net/ProtocolFamily done
Event: 1.948 loading class sun/nio/ch/Net$1 done
Event: 1.948 loading class sun/net/ext/ExtendedSocketOptions
Event: 1.948 loading class sun/net/ext/ExtendedSocketOptions done
Event: 1.948 loading class jdk/net/ExtendedSocketOptions
Event: 1.949 loading class jdk/net/ExtendedSocketOptions done
Event: 1.949 loading class jdk/net/ExtendedSocketOptions$ExtSocketOption
Event: 1.949 loading class java/net/SocketOption
Event: 1.949 loading class java/net/SocketOption done
Event: 1.949 loading class jdk/net/ExtendedSocketOptions$ExtSocketOption done
Event: 1.949 loading class jdk/net/UnixDomainPrincipal
Event: 1.949 loading class jdk/net/UnixDomainPrincipal done
Event: 1.949 loading class jdk/net/ExtendedSocketOptions$PlatformSocketOptions


Dynamic libraries:
0x00007ff6050b0000 - 0x00007ff6050ba000 	C:\Program Files\Android\Android Studio\jbr\bin\java.exe
0x00007ffaf7870000 - 0x00007ffaf7a86000 	C:\WINDOWS\SYSTEM32\ntdll.dll
0x00007ffaf5f40000 - 0x00007ffaf6004000 	C:\WINDOWS\System32\KERNEL32.DLL
0x00007ffaf4f60000 - 0x00007ffaf5306000 	C:\WINDOWS\System32\KERNELBASE.dll
0x00007ffaf4bb0000 - 0x00007ffaf4cc1000 	C:\WINDOWS\System32\ucrtbase.dll
0x00007ffadb900000 - 0x00007ffadb91b000 	C:\Program Files\Android\Android Studio\jbr\bin\VCRUNTIME140.dll
0x00007ffadb8e0000 - 0x00007ffadb8f7000 	C:\Program Files\Android\Android Studio\jbr\bin\jli.dll
0x00007ffaf5900000 - 0x00007ffaf5aad000 	C:\WINDOWS\System32\USER32.dll
0x00007ffad4bc0000 - 0x00007ffad4e53000 	C:\WINDOWS\WinSxS\amd64_microsoft.windows.common-controls_6595b64144ccf1df_6.0.22621.3235_none_270f74e173860f98\COMCTL32.dll
0x00007ffaf53b0000 - 0x00007ffaf53d6000 	C:\WINDOWS\System32\win32u.dll
0x00007ffaf62d0000 - 0x00007ffaf6377000 	C:\WINDOWS\System32\msvcrt.dll
0x00007ffaf5e00000 - 0x00007ffaf5e29000 	C:\WINDOWS\System32\GDI32.dll
0x00007ffaf54a0000 - 0x00007ffaf55b8000 	C:\WINDOWS\System32\gdi32full.dll
0x00007ffaf5310000 - 0x00007ffaf53aa000 	C:\WINDOWS\System32\msvcp_win.dll
0x00007ffaf6290000 - 0x00007ffaf62c1000 	C:\WINDOWS\System32\IMM32.DLL
0x00007ffadbbd0000 - 0x00007ffadbbdc000 	C:\Program Files\Android\Android Studio\jbr\bin\vcruntime140_1.dll
0x00007ffadb850000 - 0x00007ffadb8dd000 	C:\Program Files\Android\Android Studio\jbr\bin\msvcp140.dll
0x00007ffa9b470000 - 0x00007ffa9c0f0000 	C:\Program Files\Android\Android Studio\jbr\bin\server\jvm.dll
0x00007ffaf5b90000 - 0x00007ffaf5c42000 	C:\WINDOWS\System32\ADVAPI32.dll
0x00007ffaf55c0000 - 0x00007ffaf5668000 	C:\WINDOWS\System32\sechost.dll
0x00007ffaf4f30000 - 0x00007ffaf4f58000 	C:\WINDOWS\System32\bcrypt.dll
0x00007ffaf60f0000 - 0x00007ffaf6205000 	C:\WINDOWS\System32\RPCRT4.dll
0x00007ffaea690000 - 0x00007ffaea6c4000 	C:\WINDOWS\SYSTEM32\WINMM.dll
0x00007ffad3ef0000 - 0x00007ffad3ef9000 	C:\WINDOWS\SYSTEM32\WSOCK32.dll
0x00007ffae4b20000 - 0x00007ffae4b2a000 	C:\WINDOWS\SYSTEM32\VERSION.dll
0x00007ffaf7740000 - 0x00007ffaf77b1000 	C:\WINDOWS\System32\WS2_32.dll
0x00007ffaf3bb0000 - 0x00007ffaf3bc8000 	C:\WINDOWS\SYSTEM32\kernel.appcore.dll
0x00007ffadb840000 - 0x00007ffadb84a000 	C:\Program Files\Android\Android Studio\jbr\bin\jimage.dll
0x00007ffaf1eb0000 - 0x00007ffaf20e3000 	C:\WINDOWS\SYSTEM32\DBGHELP.DLL
0x00007ffaf6540000 - 0x00007ffaf68c8000 	C:\WINDOWS\System32\combase.dll
0x00007ffaf6010000 - 0x00007ffaf60e7000 	C:\WINDOWS\System32\OLEAUT32.dll
0x00007ffacf970000 - 0x00007ffacf9a2000 	C:\WINDOWS\SYSTEM32\dbgcore.DLL
0x00007ffaf4eb0000 - 0x00007ffaf4f2a000 	C:\WINDOWS\System32\bcryptPrimitives.dll
0x00007ffadb810000 - 0x00007ffadb835000 	C:\Program Files\Android\Android Studio\jbr\bin\java.dll
0x00007ffadb7f0000 - 0x00007ffadb808000 	C:\Program Files\Android\Android Studio\jbr\bin\zip.dll
0x00007ffaf68d0000 - 0x00007ffaf712d000 	C:\WINDOWS\System32\SHELL32.dll
0x00007ffaf2ac0000 - 0x00007ffaf33b8000 	C:\WINDOWS\SYSTEM32\windows.storage.dll
0x00007ffaf2980000 - 0x00007ffaf2abe000 	C:\WINDOWS\SYSTEM32\wintypes.dll
0x00007ffaf5700000 - 0x00007ffaf57f3000 	C:\WINDOWS\System32\SHCORE.dll
0x00007ffaf5b30000 - 0x00007ffaf5b8e000 	C:\WINDOWS\System32\shlwapi.dll
0x00007ffaf4ae0000 - 0x00007ffaf4b06000 	C:\WINDOWS\SYSTEM32\profapi.dll
0x00007ffadb7d0000 - 0x00007ffadb7e9000 	C:\Program Files\Android\Android Studio\jbr\bin\net.dll
0x00007ffaed1f0000 - 0x00007ffaed327000 	C:\WINDOWS\SYSTEM32\WINHTTP.dll
0x00007ffaf40a0000 - 0x00007ffaf4109000 	C:\WINDOWS\system32\mswsock.dll
0x00007ffadb7b0000 - 0x00007ffadb7c6000 	C:\Program Files\Android\Android Studio\jbr\bin\nio.dll
0x00007ffadb540000 - 0x00007ffadb550000 	C:\Program Files\Android\Android Studio\jbr\bin\verify.dll
0x00007ffadb780000 - 0x00007ffadb7a7000 	C:\Users\admin\.gradle\native\e1d6ef7f7dcc3fd88c89a11ec53ec762bb8ba0a96d01ffa2cd45eb1d1d8dd5c5\windows-amd64\native-platform.dll
0x00007ffadb770000 - 0x00007ffadb779000 	C:\Program Files\Android\Android Studio\jbr\bin\management.dll
0x00007ffadb760000 - 0x00007ffadb76b000 	C:\Program Files\Android\Android Studio\jbr\bin\management_ext.dll
0x00007ffaf72b0000 - 0x00007ffaf72b8000 	C:\WINDOWS\System32\PSAPI.DLL
0x00007ffaf43a0000 - 0x00007ffaf43bb000 	C:\WINDOWS\SYSTEM32\CRYPTSP.dll
0x00007ffaf3b10000 - 0x00007ffaf3b45000 	C:\WINDOWS\system32\rsaenh.dll
0x00007ffaf41f0000 - 0x00007ffaf421c000 	C:\WINDOWS\SYSTEM32\USERENV.dll
0x00007ffaf4390000 - 0x00007ffaf439c000 	C:\WINDOWS\SYSTEM32\CRYPTBASE.dll
0x00007ffaf3620000 - 0x00007ffaf364d000 	C:\WINDOWS\SYSTEM32\IPHLPAPI.DLL
0x00007ffaf5df0000 - 0x00007ffaf5df9000 	C:\WINDOWS\System32\NSI.dll
0x00007ffaed540000 - 0x00007ffaed559000 	C:\WINDOWS\SYSTEM32\dhcpcsvc6.DLL
0x00007ffaed1b0000 - 0x00007ffaed1cf000 	C:\WINDOWS\SYSTEM32\dhcpcsvc.DLL
0x00007ffaf3690000 - 0x00007ffaf3789000 	C:\WINDOWS\SYSTEM32\DNSAPI.dll

dbghelp: loaded successfully - version: 4.0.5 - missing functions: none
symbol engine: initialized successfully - sym options: 0x614 - pdb path: .;C:\Program Files\Android\Android Studio\jbr\bin;C:\WINDOWS\SYSTEM32;C:\WINDOWS\WinSxS\amd64_microsoft.windows.common-controls_6595b64144ccf1df_6.0.22621.3235_none_270f74e173860f98;C:\Program Files\Android\Android Studio\jbr\bin\server;C:\Users\admin\.gradle\native\e1d6ef7f7dcc3fd88c89a11ec53ec762bb8ba0a96d01ffa2cd45eb1d1d8dd5c5\windows-amd64

VM Arguments:
jvm_args: -Dorg.gradle.appname=gradlew 
java_command: org.gradle.wrapper.GradleWrapperMain -q -Ptarget-platform=android-arm64 -Ptarget=D:\University-information\lastyear\student_hub\lib\main.dart -Pbase-application-name=android.app.Application -Pdart-defines=RkxVVFRFUl9XRUJfQVVUT19ERVRFQ1Q9dHJ1ZQ==,RkxVVFRFUl9XRUJfQ0FOVkFTS0lUX1VSTD1odHRwczovL3d3dy5nc3RhdGljLmNvbS9mbHV0dGVyLWNhbnZhc2tpdC9mNDBlOTc2YmVkZmY1N2U2OWUxYjNkODlhN2MyYTNjNjE3YTAzZGFkLw== -Pdart-obfuscation=false -Ptrack-widget-creation=true -Ptree-shake-icons=false -Pfilesystem-scheme=org-dartlang-root assembleDebug
java_class_path (initial): D:\University-information\lastyear\student_hub\android\\gradle\wrapper\gradle-wrapper.jar
Launcher Type: SUN_STANDARD

[Global flags]
     intx CICompilerCount                          = 4                                         {product} {ergonomic}
     uint ConcGCThreads                            = 2                                         {product} {ergonomic}
     uint G1ConcRefinementThreads                  = 8                                         {product} {ergonomic}
   size_t G1HeapRegionSize                         = 1048576                                   {product} {ergonomic}
    uintx GCDrainStackTargetSize                   = 64                                        {product} {ergonomic}
   size_t InitialHeapSize                          = 132120576                                 {product} {ergonomic}
   size_t MarkStackSize                            = 4194304                                   {product} {ergonomic}
   size_t MaxHeapSize                              = 2097152000                                {product} {ergonomic}
   size_t MaxNewSize                               = 1258291200                                {product} {ergonomic}
   size_t MinHeapDeltaBytes                        = 1048576                                   {product} {ergonomic}
   size_t MinHeapSize                              = 8388608                                   {product} {ergonomic}
    uintx NonNMethodCodeHeapSize                   = 5839372                                {pd product} {ergonomic}
    uintx NonProfiledCodeHeapSize                  = 122909434                              {pd product} {ergonomic}
    uintx ProfiledCodeHeapSize                     = 122909434                              {pd product} {ergonomic}
    uintx ReservedCodeCacheSize                    = 251658240                              {pd product} {ergonomic}
     bool SegmentedCodeCache                       = true                                      {product} {ergonomic}
   size_t SoftMaxHeapSize                          = 2097152000                             {manageable} {ergonomic}
     bool UseCompressedClassPointers               = true                           {product lp64_product} {ergonomic}
     bool UseCompressedOops                        = true                           {product lp64_product} {ergonomic}
     bool UseG1GC                                  = true                                      {product} {ergonomic}
     bool UseLargePagesIndividualAllocation        = false                                  {pd product} {ergonomic}

Logging:
Log output configuration:
 #0: stdout all=warning uptime,level,tags
 #1: stderr all=off uptime,level,tags

Environment Variables:
JAVA_HOME=C:\Program Files\Android\Android Studio\jbr
CLASSPATH=D:\University-information\lastyear\student_hub\android\\gradle\wrapper\gradle-wrapper.jar
PATH=C:\Program Files\Android\Android Studio\jbr\bin;C:\Program Files\Common Files\Oracle\Java\javapath;C:\windows\system32;C:\windows;C:\windows\System32\Wbem;C:\windows\System32\WindowsPowerShell\v1.0\;C:\windows\System32\OpenSSH\;C:\Program Files (x86)\NVIDIA Corporation\PhysX\Common;C:\Program Files\NVIDIA Corporation\NVIDIA NvDLISR;C:\WINDOWS\system32;C:\WINDOWS;C:\WINDOWS\System32\Wbem;C:\WINDOWS\System32\WindowsPowerShell\v1.0\;C:\WINDOWS\System32\OpenSSH\;C:\Program Files (x86)\mingw-w64\i686-8.1.0-posix-dwarf-rt_v6-rev0\mingw32\bin;D:\app\;C:\Program Files\dotnet\;C:\Program Files\Azure Data Studio\bin;C:\Program Files\nodejs\;C:\Program Files\MongoDB\Server\6.0\bin;C:\Program Files (x86)\Common Files\Acronis\SnapAPI\;C:\Program Files\Java\jdk-19\bin;C:\WINDOWS\system32;C:\WINDOWS;C:\WINDOWS\System32\Wbem;C:\WINDOWS\System32\WindowsPowerShell\v1.0\;C:\WINDOWS\System32\OpenSSH\;C:\Program Files\Microsoft SQL Server\150\Tools\Binn\;C:\Program Files\Docker\Docker\resources\bin;D:\app\Git\cmd;C:\Program Files\Cloudflare\Cloudflare WARP\;C:\Program Files\MySQL\MySQL Shell 8.0\bin\;C:\Users\admin\AppData\Local\Microsoft\WindowsApps;C:\Users\admin\AppData\Local\Programs\Microsoft VS Code\bin;C:\Users\admin\.dotnet\tools;C:\Program Files\Azure Data Studio\bin;C:\Users\admin\AppData\Roaming\npm;C:\Program Files\Java\jdk-19\bin;D:\flutter\bin;D:\App\grpc\bin;
USERNAME=Hasaghi
OS=Windows_NT
PROCESSOR_IDENTIFIER=Intel64 Family 6 Model 142 Stepping 12, GenuineIntel
TMP=C:\Users\admin\AppData\Local\Temp
TEMP=C:\Users\admin\AppData\Local\Temp


JNI global refs:
JNI global refs: 19, weak refs: 0

JNI global refs memory usage: 843, weak refs: 209

OOME stack traces (most recent first):
Classloader memory used:
Loader bootstrap                                                                       : 1366K
Loader org.gradle.internal.classloader.VisitableURLClassLoader                         : 411K
Loader java.net.URLClassLoader                                                         : 25818B
Loader jdk.internal.loader.ClassLoaders$AppClassLoader                                 : 18431B

Classes loaded by more than one classloader:
Class org.gradle.internal.installation.GradleInstallation                             : loaded 2 times (x 73B)
Class org.gradle.cli.ParsedCommandLine                                                : loaded 2 times (x 78B)
Class org.gradle.internal.classpath.ClassPath                                         : loaded 2 times (x 68B)
Class org.gradle.api.Action                                                           : loaded 2 times (x 68B)
Class org.gradle.cli.CommandLineParser$OptionString                                   : loaded 2 times (x 71B)
Class org.gradle.internal.installation.GradleInstallation$1                           : loaded 2 times (x 73B)
Class org.gradle.cli.CommandLineParser$AfterOptions                                   : loaded 2 times (x 75B)
Class org.gradle.cli.CommandLineParser$AfterFirstSubCommand                           : loaded 2 times (x 75B)
Class org.gradle.internal.service.UnknownServiceException                             : loaded 2 times (x 81B)
Class org.gradle.api.GradleException                                                  : loaded 2 times (x 80B)
Class org.gradle.api.internal.classpath.ModuleRegistry                                : loaded 2 times (x 68B)
Class org.gradle.cli.CommandLineParser$KnownOptionParserState                         : loaded 2 times (x 74B)
Class org.gradle.cli.AbstractPropertiesCommandLineConverter                           : loaded 2 times (x 81B)
Class org.gradle.api.specs.Spec                                                       : loaded 2 times (x 68B)
Class org.gradle.cli.SystemPropertiesCommandLineConverter                             : loaded 2 times (x 81B)
Class org.gradle.internal.IoActions                                                   : loaded 2 times (x 69B)
Class org.gradle.internal.installation.CurrentGradleInstallation                      : loaded 2 times (x 71B)
Class org.gradle.internal.installation.CurrentGradleInstallationLocator               : loaded 2 times (x 69B)
Class org.gradle.internal.classpath.DefaultClassPath                                  : loaded 2 times (x 88B)
Class org.gradle.api.Transformer                                                      : loaded 2 times (x 68B)
Class org.gradle.cli.CommandLineParser                                                : loaded 2 times (x 77B)
Class org.gradle.cli.CommandLineParser$BeforeFirstSubCommand                          : loaded 2 times (x 75B)
Class org.gradle.cli.CommandLineOption                                                : loaded 2 times (x 84B)
Class org.gradle.cli.CommandLineParser$ParserState                                    : loaded 2 times (x 74B)
Class org.gradle.cli.CommandLineParser$MissingOptionArgState                          : loaded 2 times (x 75B)
Class org.gradle.api.UncheckedIOException                                             : loaded 2 times (x 80B)
Class org.gradle.cli.ParsedCommandLineOption                                          : loaded 2 times (x 74B)
Class org.gradle.internal.classloader.ClasspathUtil                                   : loaded 2 times (x 69B)
Class org.gradle.cli.CommandLineParser$UnknownOptionParserState                       : loaded 2 times (x 74B)
Class org.gradle.internal.service.ServiceLookupException                              : loaded 2 times (x 80B)
Class org.gradle.util.internal.GUtil                                                  : loaded 2 times (x 69B)
Class org.gradle.cli.CommandLineParser$OptionAwareParserState                         : loaded 2 times (x 75B)
Class org.gradle.cli.CommandLineParser$OptionParserState                              : loaded 2 times (x 73B)
Class org.gradle.internal.Cast                                                        : loaded 2 times (x 69B)
Class org.gradle.cli.CommandLineConverter                                             : loaded 2 times (x 68B)
Class org.gradle.internal.classpath.DefaultClassPath$ImmutableUniqueList              : loaded 2 times (x 159B)
Class org.gradle.cli.AbstractCommandLineConverter                                     : loaded 2 times (x 77B)
Class org.gradle.cli.CommandLineArgumentException                                     : loaded 2 times (x 80B)


---------------  S Y S T E M  ---------------

OS:
 Windows 11 , 64 bit Build 22621 (10.0.22621.3235)
OS uptime: 0 days 3:01 hours
Hyper-V role detected

CPU: total 8 (initial active 8) (4 cores per cpu, 2 threads per core) family 6 model 142 stepping 12 microcode 0xf0, cx8, cmov, fxsr, ht, mmx, 3dnowpref, sse, sse2, sse3, ssse3, sse4.1, sse4.2, popcnt, lzcnt, tsc, tscinvbit, avx, avx2, aes, erms, clmul, bmi1, bmi2, adx, fma, vzeroupper, clflush, clflushopt, hv

Memory: 4k page, system-wide physical 7995M (1297M free)
TotalPageFile size 17132M (AvailPageFile size 620M)
current process WorkingSet (physical memory assigned to process): 96M, peak: 96M
current process commit charge ("private bytes"): 229M, peak: 230M

vm_info: OpenJDK 64-Bit Server VM (17.0.7+0-b2043.56-10550314) for windows-amd64 JRE (17.0.7+0-b2043.56-10550314), built on Jul 24 2023 18:27:45 by "androidbuild" with MS VC++ 16.10 / 16.11 (VS2019)

END.
